<?xml version="1.0" encoding="UTF-8"?>
<!-- Generated by org.testng.reporters.JUnitReportReporter -->
<testsuite hostname="DESKTOP-PMIFEDC" failures="0" tests="3" name="Execution.Valid" time="11.733" errors="0" timestamp="2022-07-01T17:38:50 IST" skipped="0">
  <testcase classname="Execution.Valid" name="validexe" time="5.503"/>
  <system-out>
    <![CDATA[actual page ishttps://demoqa.com/ matched with expected page https://demoqa.com/
actual page titleToolsQA matched with expected page titleToolsQA
done]]>
  </system-out>
  <testcase classname="Execution.Valid" name="elementexe" time="2.704"/>
  <system-out>
    <![CDATA[actual page ishttps://demoqa.com/elements matched with expected page https://demoqa.com/elements
actual page titleElements matched with expected page titleElements]]>
  </system-out>
  <testcase classname="Execution.Valid" name="textBxexe" time="3.526"/>
  <system-out>
    <![CDATA[actual page ishttps://demoqa.com/text-box matched with expected page https://demoqa.com/text-box]]>
  </system-out>
</testsuite> <!-- Execution.Valid -->
